<?xml version="1.0" encoding="UTF-8"?>
<testsuite name="com.example.dindonback.loginsignup.AuthControllerTest" tests="4" skipped="0" failures="0" errors="0" timestamp="2023-06-26T16:14:01" hostname="MacBook-Air-de-Hugo.local" time="0.053">
  <properties/>
  <testcase name="registerUser()" classname="com.example.dindonback.loginsignup.AuthControllerTest" time="0.04"/>
  <testcase name="authenticateUserWrongPassword()" classname="com.example.dindonback.loginsignup.AuthControllerTest" time="0.003"/>
  <testcase name="authenticateUser()" classname="com.example.dindonback.loginsignup.AuthControllerTest" time="0.002"/>
  <testcase name="authenticateUserNotFound()" classname="com.example.dindonback.loginsignup.AuthControllerTest" time="0.003"/>
  <system-out><![CDATA[]]></system-out>
  <system-err><![CDATA[]]></system-err>
</testsuite>
