<?xml version="1.0" encoding="UTF-8"?>
<testsuite name="com.example.dindonback.bbdd.ControllerTest" tests="10" skipped="0" failures="0" errors="0" timestamp="2023-06-26T16:13:59" hostname="MacBook-Air-de-Hugo.local" time="0.451">
  <properties/>
  <testcase name="editPisoTest()" classname="com.example.dindonback.bbdd.ControllerTest" time="0.417"/>
  <testcase name="getAllPisosTest()" classname="com.example.dindonback.bbdd.ControllerTest" time="0.008"/>
  <testcase name="testGetUserById_UserFound()" classname="com.example.dindonback.bbdd.ControllerTest" time="0.002"/>
  <testcase name="addPisoTest()" classname="com.example.dindonback.bbdd.ControllerTest" time="0.003"/>
  <testcase name="getPisosByPropietarioTest()" classname="com.example.dindonback.bbdd.ControllerTest" time="0.002"/>
  <testcase name="getPisoByIdTest()" classname="com.example.dindonback.bbdd.ControllerTest" time="0.002"/>
  <testcase name="testDeletePiso()" classname="com.example.dindonback.bbdd.ControllerTest" time="0.002"/>
  <testcase name="editPisoTest_PisoNoExistente()" classname="com.example.dindonback.bbdd.ControllerTest" time="0.002"/>
  <testcase name="getUserByIdTest()" classname="com.example.dindonback.bbdd.ControllerTest" time="0.002"/>
  <testcase name="testGetUserById_UserNotFound()" classname="com.example.dindonback.bbdd.ControllerTest" time="0.001"/>
  <system-out><![CDATA[]]></system-out>
  <system-err><![CDATA[]]></system-err>
</testsuite>
