<?xml version="1.0" encoding="UTF-8"?>
<testsuite name="com.example.dindonback.DTOs.RoleTest" tests="4" skipped="0" failures="0" errors="0" timestamp="2023-06-26T16:13:59" hostname="MacBook-Air-de-Hugo.local" time="0.021">
  <properties/>
  <testcase name="constructorTest()" classname="com.example.dindonback.DTOs.RoleTest" time="0.004"/>
  <testcase name="setNameTest()" classname="com.example.dindonback.DTOs.RoleTest" time="0.003"/>
  <testcase name="getNameTest()" classname="com.example.dindonback.DTOs.RoleTest" time="0.002"/>
  <testcase name="getIdTest()" classname="com.example.dindonback.DTOs.RoleTest" time="0.001"/>
  <system-out><![CDATA[]]></system-out>
  <system-err><![CDATA[]]></system-err>
</testsuite>
