<?xml version="1.0" encoding="UTF-8"?>
<testsuite name="com.example.dindonback.DTOs.ImageMetadataTest" tests="4" skipped="0" failures="0" errors="0" timestamp="2023-06-26T16:13:59" hostname="MacBook-Air-de-Hugo.local" time="0.01">
  <properties/>
  <testcase name="setRutaTest()" classname="com.example.dindonback.DTOs.ImageMetadataTest" time="0.002"/>
  <testcase name="getRutaTest()" classname="com.example.dindonback.DTOs.ImageMetadataTest" time="0.001"/>
  <testcase name="setIdTest()" classname="com.example.dindonback.DTOs.ImageMetadataTest" time="0.001"/>
  <testcase name="getIdTest()" classname="com.example.dindonback.DTOs.ImageMetadataTest" time="0.001"/>
  <system-out><![CDATA[]]></system-out>
  <system-err><![CDATA[]]></system-err>
</testsuite>
