<?xml version="1.0" encoding="UTF-8"?>
<testsuite name="com.example.dindonback.DTOs.MessageResponseTest" tests="2" skipped="0" failures="0" errors="0" timestamp="2023-06-26T16:13:59" hostname="MacBook-Air-de-Hugo.local" time="0.001">
  <properties/>
  <testcase name="getMessageTest()" classname="com.example.dindonback.DTOs.MessageResponseTest" time="0.0"/>
  <testcase name="setMessageTest()" classname="com.example.dindonback.DTOs.MessageResponseTest" time="0.0"/>
  <system-out><![CDATA[]]></system-out>
  <system-err><![CDATA[]]></system-err>
</testsuite>
