<?xml version="1.0" encoding="UTF-8"?>
<testsuite name="com.example.dindonback.DinDonBackApplicationTest" tests="1" skipped="0" failures="0" errors="0" timestamp="2023-06-26T16:13:58" hostname="MacBook-Air-de-Hugo.local" time="0.417">
  <properties/>
  <testcase name="contextLoads()" classname="com.example.dindonback.DinDonBackApplicationTest" time="0.417"/>
  <system-out><![CDATA[18:13:47.632 [Test worker] DEBUG org.springframework.test.context.BootstrapUtils - Instantiating CacheAwareContextLoaderDelegate from class [org.springframework.test.context.cache.DefaultCacheAwareContextLoaderDelegate]
18:13:47.669 [Test worker] DEBUG org.springframework.test.context.BootstrapUtils - Instantiating BootstrapContext using constructor [public org.springframework.test.context.support.DefaultBootstrapContext(java.lang.Class,org.springframework.test.context.CacheAwareContextLoaderDelegate)]
18:13:47.775 [Test worker] DEBUG org.springframework.test.context.BootstrapUtils - Instantiating TestContextBootstrapper for test class [com.example.dindonback.DinDonBackApplicationTest] from class [org.springframework.boot.test.context.SpringBootTestContextBootstrapper]
18:13:47.796 [Test worker] INFO org.springframework.boot.test.context.SpringBootTestContextBootstrapper - Neither @ContextConfiguration nor @ContextHierarchy found for test class [com.example.dindonback.DinDonBackApplicationTest], using SpringBootContextLoader
18:13:47.804 [Test worker] DEBUG org.springframework.test.context.support.AbstractContextLoader - Did not detect default resource location for test class [com.example.dindonback.DinDonBackApplicationTest]: class path resource [com/example/dindonback/DinDonBackApplicationTest-context.xml] does not exist
18:13:47.806 [Test worker] DEBUG org.springframework.test.context.support.AbstractContextLoader - Did not detect default resource location for test class [com.example.dindonback.DinDonBackApplicationTest]: class path resource [com/example/dindonback/DinDonBackApplicationTestContext.groovy] does not exist
18:13:47.806 [Test worker] INFO org.springframework.test.context.support.AbstractContextLoader - Could not detect default resource locations for test class [com.example.dindonback.DinDonBackApplicationTest]: no resource found for suffixes {-context.xml, Context.groovy}.
18:13:47.807 [Test worker] INFO org.springframework.test.context.support.AnnotationConfigContextLoaderUtils - Could not detect default configuration classes for test class [com.example.dindonback.DinDonBackApplicationTest]: DinDonBackApplicationTest does not declare any static, non-private, non-final, nested classes annotated with @Configuration.
18:13:47.877 [Test worker] DEBUG org.springframework.test.context.support.ActiveProfilesUtils - Could not find an 'annotation declaring class' for annotation type [org.springframework.test.context.ActiveProfiles] and class [com.example.dindonback.DinDonBackApplicationTest]
18:13:48.140 [Test worker] DEBUG org.springframework.context.annotation.ClassPathScanningCandidateComponentProvider - Identified candidate component class: file [/Users/hugo/AndroidStudioProjects/DinDon/backend/DinDonBack/build/classes/java/main/com/example/dindonback/DinDonBackApplication.class]
18:13:48.145 [Test worker] INFO org.springframework.boot.test.context.SpringBootTestContextBootstrapper - Found @SpringBootConfiguration com.example.dindonback.DinDonBackApplication for test class com.example.dindonback.DinDonBackApplicationTest
18:13:48.336 [Test worker] DEBUG org.springframework.boot.test.context.SpringBootTestContextBootstrapper - @TestExecutionListeners is not present for class [com.example.dindonback.DinDonBackApplicationTest]: using defaults.
18:13:48.337 [Test worker] INFO org.springframework.boot.test.context.SpringBootTestContextBootstrapper - Loaded default TestExecutionListener class names from location [META-INF/spring.factories]: [org.springframework.boot.test.autoconfigure.restdocs.RestDocsTestExecutionListener, org.springframework.boot.test.autoconfigure.web.client.MockRestServiceServerResetTestExecutionListener, org.springframework.boot.test.autoconfigure.web.servlet.MockMvcPrintOnlyOnFailureTestExecutionListener, org.springframework.boot.test.autoconfigure.web.servlet.WebDriverTestExecutionListener, org.springframework.boot.test.autoconfigure.webservices.client.MockWebServiceServerTestExecutionListener, org.springframework.boot.test.mock.mockito.MockitoTestExecutionListener, org.springframework.boot.test.mock.mockito.ResetMocksTestExecutionListener, org.springframework.test.context.web.ServletTestExecutionListener, org.springframework.test.context.support.DirtiesContextBeforeModesTestExecutionListener, org.springframework.test.context.event.ApplicationEventsTestExecutionListener, org.springframework.test.context.support.DependencyInjectionTestExecutionListener, org.springframework.test.context.support.DirtiesContextTestExecutionListener, org.springframework.test.context.transaction.TransactionalTestExecutionListener, org.springframework.test.context.jdbc.SqlScriptsTestExecutionListener, org.springframework.test.context.event.EventPublishingTestExecutionListener]
18:13:48.358 [Test worker] INFO org.springframework.boot.test.context.SpringBootTestContextBootstrapper - Using TestExecutionListeners: [org.springframework.test.context.web.ServletTestExecutionListener@71b639d0, org.springframework.test.context.support.DirtiesContextBeforeModesTestExecutionListener@18a25bbd, org.springframework.test.context.event.ApplicationEventsTestExecutionListener@5d5b9ecb, org.springframework.boot.test.mock.mockito.MockitoTestExecutionListener@1ee27d73, org.springframework.boot.test.autoconfigure.SpringBootDependencyInjectionTestExecutionListener@5e5aafc6, org.springframework.test.context.support.DirtiesContextTestExecutionListener@542f6803, org.springframework.test.context.transaction.TransactionalTestExecutionListener@5583098b, org.springframework.test.context.jdbc.SqlScriptsTestExecutionListener@5807efad, org.springframework.test.context.event.EventPublishingTestExecutionListener@53a84ff4, org.springframework.boot.test.autoconfigure.restdocs.RestDocsTestExecutionListener@7ce85af2, org.springframework.boot.test.autoconfigure.web.client.MockRestServiceServerResetTestExecutionListener@316acbb5, org.springframework.boot.test.autoconfigure.web.servlet.MockMvcPrintOnlyOnFailureTestExecutionListener@56f730b2, org.springframework.boot.test.autoconfigure.web.servlet.WebDriverTestExecutionListener@47311277, org.springframework.boot.test.autoconfigure.webservices.client.MockWebServiceServerTestExecutionListener@7930ffa9, org.springframework.boot.test.mock.mockito.ResetMocksTestExecutionListener@1e60b459]
18:13:48.362 [Test worker] DEBUG org.springframework.test.context.support.AbstractDirtiesContextTestExecutionListener - Before test class: context [DefaultTestContext@5f631ca0 testClass = DinDonBackApplicationTest, testInstance = [null], testMethod = [null], testException = [null], mergedContextConfiguration = [WebMergedContextConfiguration@1697f2b3 testClass = DinDonBackApplicationTest, locations = '{}', classes = '{class com.example.dindonback.DinDonBackApplication}', contextInitializerClasses = '[]', activeProfiles = '{}', propertySourceLocations = '{}', propertySourceProperties = '{org.springframework.boot.test.context.SpringBootTestContextBootstrapper=true}', contextCustomizers = set[org.springframework.boot.test.autoconfigure.actuate.metrics.MetricsExportContextCustomizerFactory$DisableMetricExportContextCustomizer@724c5cbe, org.springframework.boot.test.autoconfigure.properties.PropertyMappingContextCustomizer@0, org.springframework.boot.test.autoconfigure.web.servlet.WebDriverContextCustomizerFactory$Customizer@3f49e266, org.springframework.boot.test.context.filter.ExcludeFilterContextCustomizer@7a1f8def, org.springframework.boot.test.json.DuplicateJsonObjectContextCustomizerFactory$DuplicateJsonObjectContextCustomizer@7aead3af, org.springframework.boot.test.mock.mockito.MockitoContextCustomizer@0, org.springframework.boot.test.web.client.TestRestTemplateContextCustomizer@6145b81e, org.springframework.boot.test.context.SpringBootTestArgs@1, org.springframework.boot.test.context.SpringBootTestWebEnvironment@6111ba37], resourceBasePath = 'src/main/webapp', contextLoader = 'org.springframework.boot.test.context.SpringBootContextLoader', parent = [null]], attributes = map['org.springframework.test.context.web.ServletTestExecutionListener.activateListener' -> true]], class annotated with @DirtiesContext [false] with mode [null].
18:13:48.413 [Test worker] DEBUG org.springframework.test.context.support.TestPropertySourceUtils - Adding inlined properties to environment: {spring.jmx.enabled=false, org.springframework.boot.test.context.SpringBootTestContextBootstrapper=true}

  .   ____          _            __ _ _
 /\\ / ___'_ __ _ _(_)_ __  __ _ \ \ \ \
( ( )\___ | '_ | '_| | '_ \/ _` | \ \ \ \
 \\/  ___)| |_)| | | | | || (_| |  ) ) ) )
  '  |____| .__|_| |_|_| |_\__, | / / / /
 =========|_|==============|___/=/_/_/_/
 :: Spring Boot ::                (v2.5.5)

2023-06-26 18:13:49.152  INFO 13861 --- [    Test worker] c.e.d.DinDonBackApplicationTest          : Starting DinDonBackApplicationTest using Java 17.0.6 on MacBook-Air-de-Hugo.local with PID 13861 (started by hugo in /Users/hugo/AndroidStudioProjects/DinDon/backend/DinDonBack)
2023-06-26 18:13:49.164  INFO 13861 --- [    Test worker] c.e.d.DinDonBackApplicationTest          : No active profile set, falling back to default profiles: default
2023-06-26 18:13:51.175  INFO 13861 --- [    Test worker] .s.d.r.c.RepositoryConfigurationDelegate : Multiple Spring Data modules found, entering strict repository configuration mode!
2023-06-26 18:13:51.180  INFO 13861 --- [    Test worker] .s.d.r.c.RepositoryConfigurationDelegate : Bootstrapping Spring Data MongoDB repositories in DEFAULT mode.
2023-06-26 18:13:51.450  INFO 13861 --- [    Test worker] .s.d.r.c.RepositoryConfigurationDelegate : Finished Spring Data repository scanning in 264 ms. Found 4 MongoDB repository interfaces.
2023-06-26 18:13:51.883  INFO 13861 --- [    Test worker] .s.d.r.c.RepositoryConfigurationDelegate : Multiple Spring Data modules found, entering strict repository configuration mode!
2023-06-26 18:13:51.884  INFO 13861 --- [    Test worker] .s.d.r.c.RepositoryConfigurationDelegate : Bootstrapping Spring Data JPA repositories in DEFAULT mode.
2023-06-26 18:13:51.912  INFO 13861 --- [    Test worker] .RepositoryConfigurationExtensionSupport : Spring Data JPA - Could not safely identify store assignment for repository candidate interface com.example.dindonback.bbdd.OpinionRepository. If you want this repository to be a JPA repository, consider annotating your entities with one of these annotations: javax.persistence.Entity, javax.persistence.MappedSuperclass (preferred), or consider extending one of the following types with your repository: org.springframework.data.jpa.repository.JpaRepository.
2023-06-26 18:13:51.924  INFO 13861 --- [    Test worker] .RepositoryConfigurationExtensionSupport : Spring Data JPA - Could not safely identify store assignment for repository candidate interface com.example.dindonback.bbdd.RepositorioDePisos. If you want this repository to be a JPA repository, consider annotating your entities with one of these annotations: javax.persistence.Entity, javax.persistence.MappedSuperclass (preferred), or consider extending one of the following types with your repository: org.springframework.data.jpa.repository.JpaRepository.
2023-06-26 18:13:51.925  INFO 13861 --- [    Test worker] .RepositoryConfigurationExtensionSupport : Spring Data JPA - Could not safely identify store assignment for repository candidate interface com.example.dindonback.bbdd.UserRepository. If you want this repository to be a JPA repository, consider annotating your entities with one of these annotations: javax.persistence.Entity, javax.persistence.MappedSuperclass (preferred), or consider extending one of the following types with your repository: org.springframework.data.jpa.repository.JpaRepository.
2023-06-26 18:13:51.927  INFO 13861 --- [    Test worker] .RepositoryConfigurationExtensionSupport : Spring Data JPA - Could not safely identify store assignment for repository candidate interface com.example.dindonback.chat.MessageRepository. If you want this repository to be a JPA repository, consider annotating your entities with one of these annotations: javax.persistence.Entity, javax.persistence.MappedSuperclass (preferred), or consider extending one of the following types with your repository: org.springframework.data.jpa.repository.JpaRepository.
2023-06-26 18:13:51.928  INFO 13861 --- [    Test worker] .s.d.r.c.RepositoryConfigurationDelegate : Finished Spring Data repository scanning in 37 ms. Found 0 JPA repository interfaces.
2023-06-26 18:13:53.351  INFO 13861 --- [    Test worker] com.zaxxer.hikari.HikariDataSource       : HikariPool-1 - Starting...
2023-06-26 18:13:53.681  INFO 13861 --- [    Test worker] com.zaxxer.hikari.HikariDataSource       : HikariPool-1 - Start completed.
2023-06-26 18:13:53.860  INFO 13861 --- [    Test worker] o.hibernate.jpa.internal.util.LogHelper  : HHH000204: Processing PersistenceUnitInfo [name: default]
2023-06-26 18:13:53.936  INFO 13861 --- [    Test worker] org.hibernate.Version                    : HHH000412: Hibernate ORM core version 5.4.32.Final
2023-06-26 18:13:54.198  INFO 13861 --- [    Test worker] o.hibernate.annotations.common.Version   : HCANN000001: Hibernate Commons Annotations {5.1.2.Final}
2023-06-26 18:13:54.482  INFO 13861 --- [    Test worker] org.hibernate.dialect.Dialect            : HHH000400: Using dialect: org.hibernate.dialect.H2Dialect
2023-06-26 18:13:55.406  INFO 13861 --- [    Test worker] o.h.e.t.j.p.i.JtaPlatformInitiator       : HHH000490: Using JtaPlatform implementation: [org.hibernate.engine.transaction.jta.platform.internal.NoJtaPlatform]
2023-06-26 18:13:55.421  INFO 13861 --- [    Test worker] j.LocalContainerEntityManagerFactoryBean : Initialized JPA EntityManagerFactory for persistence unit 'default'
2023-06-26 18:13:55.670  INFO 13861 --- [    Test worker] org.mongodb.driver.cluster               : Cluster created with settings {hosts=[localhost:27017], mode=SINGLE, requiredClusterType=UNKNOWN, serverSelectionTimeout='30000 ms'}
2023-06-26 18:13:55.881  INFO 13861 --- [localhost:27017] org.mongodb.driver.connection            : Opened connection [connectionId{localValue:2, serverValue:73}] to localhost:27017
2023-06-26 18:13:55.881  INFO 13861 --- [localhost:27017] org.mongodb.driver.connection            : Opened connection [connectionId{localValue:1, serverValue:72}] to localhost:27017
2023-06-26 18:13:55.887  INFO 13861 --- [localhost:27017] org.mongodb.driver.cluster               : Monitor thread successfully connected to server with description ServerDescription{address=localhost:27017, type=STANDALONE, state=CONNECTED, ok=true, minWireVersion=0, maxWireVersion=17, maxDocumentSize=16777216, logicalSessionTimeoutMinutes=30, roundTripTimeNanos=77228625}
2023-06-26 18:13:57.126  WARN 13861 --- [    Test worker] JpaBaseConfiguration$JpaWebConfiguration : spring.jpa.open-in-view is enabled by default. Therefore, database queries may be performed during view rendering. Explicitly configure spring.jpa.open-in-view to disable this warning
2023-06-26 18:13:57.435  INFO 13861 --- [    Test worker] .s.s.UserDetailsServiceAutoConfiguration : 

Using generated security password: 620d20db-00ec-4b35-8ff4-005eaad06965

2023-06-26 18:13:58.163  INFO 13861 --- [    Test worker] o.s.s.web.DefaultSecurityFilterChain     : Will secure any request with [org.springframework.security.web.context.request.async.WebAsyncManagerIntegrationFilter@e36e90b, org.springframework.security.web.context.SecurityContextPersistenceFilter@39c2823b, org.springframework.security.web.header.HeaderWriterFilter@34c41103, org.springframework.web.filter.CorsFilter@7e406713, org.springframework.security.web.authentication.logout.LogoutFilter@18e52848, com.example.dindonback.loginsignup.JwtTokenFilter@68403d09, org.springframework.security.web.savedrequest.RequestCacheAwareFilter@68f4a142, org.springframework.security.web.servletapi.SecurityContextHolderAwareRequestFilter@516a9ded, org.springframework.security.web.authentication.AnonymousAuthenticationFilter@7e377c78, org.springframework.security.web.session.SessionManagementFilter@10504bc7, org.springframework.security.web.access.ExceptionTranslationFilter@486262a4, org.springframework.security.web.access.intercept.FilterSecurityInterceptor@22832f3c]
2023-06-26 18:13:58.860  INFO 13861 --- [    Test worker] c.e.d.DinDonBackApplicationTest          : Started DinDonBackApplicationTest in 10.435 seconds (JVM running for 13.526)
]]></system-out>
  <system-err><![CDATA[]]></system-err>
</testsuite>
