<?xml version="1.0" encoding="UTF-8"?>
<testsuite name="com.example.dindonback.chat.ChatWebSocketHandlerTest" tests="4" skipped="0" failures="0" errors="0" timestamp="2023-06-26T16:14:01" hostname="MacBook-Air-de-Hugo.local" time="0.201">
  <properties/>
  <testcase name="handleLoginMessage()" classname="com.example.dindonback.chat.ChatWebSocketHandlerTest" time="0.191"/>
  <testcase name="handleTextMessage()" classname="com.example.dindonback.chat.ChatWebSocketHandlerTest" time="0.004"/>
  <testcase name="afterConnectionClosed_ShouldRemoveSession()" classname="com.example.dindonback.chat.ChatWebSocketHandlerTest" time="0.002"/>
  <testcase name="afterConnectionClosed_ShouldNotRemoveSession_WhenDifferentId()" classname="com.example.dindonback.chat.ChatWebSocketHandlerTest" time="0.002"/>
  <system-out><![CDATA[]]></system-out>
  <system-err><![CDATA[]]></system-err>
</testsuite>
