<?xml version="1.0" encoding="UTF-8"?>
<testsuite name="com.example.dindonback.DTOs.UserTest" tests="6" skipped="0" failures="0" errors="0" timestamp="2023-06-26T16:13:59" hostname="MacBook-Air-de-Hugo.local" time="0.007">
  <properties/>
  <testcase name="noArgConstructorTest()" classname="com.example.dindonback.DTOs.UserTest" time="0.0"/>
  <testcase name="constructorWithEmailAndPasswordTest()" classname="com.example.dindonback.DTOs.UserTest" time="0.0"/>
  <testcase name="getFriendsTest()" classname="com.example.dindonback.DTOs.UserTest" time="0.0"/>
  <testcase name="getFriendsRequestsTest()" classname="com.example.dindonback.DTOs.UserTest" time="0.002"/>
  <testcase name="getPreferenciasTest()" classname="com.example.dindonback.DTOs.UserTest" time="0.001"/>
  <testcase name="getEmailTest()" classname="com.example.dindonback.DTOs.UserTest" time="0.001"/>
  <system-out><![CDATA[]]></system-out>
  <system-err><![CDATA[]]></system-err>
</testsuite>
