<?xml version="1.0" encoding="UTF-8"?>
<testsuite name="com.example.dindonback.DTOs.CoordenadasTest" tests="4" skipped="0" failures="0" errors="0" timestamp="2023-06-26T16:13:59" hostname="MacBook-Air-de-Hugo.local" time="0.058">
  <properties/>
  <testcase name="testSetLatitud()" classname="com.example.dindonback.DTOs.CoordenadasTest" time="0.033"/>
  <testcase name="testSetLongitud()" classname="com.example.dindonback.DTOs.CoordenadasTest" time="0.008"/>
  <testcase name="testGetLongitud()" classname="com.example.dindonback.DTOs.CoordenadasTest" time="0.001"/>
  <testcase name="testGetLatitud()" classname="com.example.dindonback.DTOs.CoordenadasTest" time="0.001"/>
  <system-out><![CDATA[]]></system-out>
  <system-err><![CDATA[]]></system-err>
</testsuite>
